[2023-11-27T16:49:16.710] [INFO] info - get params:{}
[2023-11-27T16:49:16.711] [INFO] info - post params:{}
[2023-11-27T16:49:20.623] [INFO] info - get params:{}
[2023-11-27T16:49:20.623] [INFO] info - post params:{}
[2023-11-27T16:49:20.712] [INFO] info - get params:{}
[2023-11-27T16:49:20.712] [INFO] info - post params:{}
[2023-11-27T16:49:41.117] [INFO] info - get params:{}
[2023-11-27T16:49:41.118] [INFO] info - post params:{}
[2023-11-27T16:49:56.486] [INFO] info - get params:{}
[2023-11-27T16:49:56.487] [INFO] info - post params:{}
[2023-11-27T16:54:38.871] [INFO] info - get params:{}
[2023-11-27T16:54:38.871] [INFO] info - post params:{}
[2023-11-27T16:55:27.255] [INFO] info - get params:{}
[2023-11-27T16:55:27.256] [INFO] info - post params:{}
[2023-11-27T16:55:29.511] [INFO] info - get params:{}
[2023-11-27T16:55:29.512] [INFO] info - post params:{}
[2023-11-27T17:05:51.104] [INFO] info - get params:{}
[2023-11-27T17:05:51.105] [INFO] info - post params:{}
[2023-11-27T17:25:30.615] [INFO] info - get params:{}
[2023-11-27T17:25:30.615] [INFO] info - post params:{}
[2023-11-27T17:26:11.848] [INFO] info - get params:{}
[2023-11-27T17:26:11.849] [INFO] info - post params:{}
[2023-11-28T14:16:03.922] [INFO] info - get params:{}
[2023-11-28T14:16:03.922] [INFO] info - post params:{"userName":"wss","phone":"123","password":"123"}
[2023-11-28T14:16:42.448] [INFO] info - get params:{}
[2023-11-28T14:16:42.448] [INFO] info - post params:{"userName":"wss","phone":"123","password":"123"}
[2023-11-28T14:41:59.912] [INFO] info - get params:{}
[2023-11-28T14:41:59.914] [INFO] info - post params:{}
[2023-11-28T14:42:00.144] [INFO] info - get params:{}
[2023-11-28T14:42:00.145] [INFO] info - post params:{}
[2023-11-28T14:42:00.224] [INFO] info - get params:{}
[2023-11-28T14:42:00.224] [INFO] info - post params:{}
[2023-11-28T15:59:38.899] [INFO] info - get params:{}
[2023-11-28T15:59:38.901] [INFO] info - post params:{"userName":"wusasai","password":"456","phone":"0000"}
[2023-11-28T16:00:04.377] [INFO] info - get params:{}
[2023-11-28T16:00:04.377] [INFO] info - post params:{"userName":"wusasai","password":"456","phone":"0000"}
[2023-11-28T16:07:59.860] [INFO] info - get params:{}
[2023-11-28T16:07:59.861] [INFO] info - post params:{"userName":"wusasai123","password":"899","phone":"01200"}
[2023-11-28T16:08:34.761] [INFO] info - get params:{}
[2023-11-28T16:08:34.762] [INFO] info - post params:{"userName":"wusasai123","password":"899","phone":"01200"}
[2023-11-28T16:09:30.030] [INFO] info - get params:{}
[2023-11-28T16:09:30.030] [INFO] info - post params:{"userName":"wusasai123","password":"899","phone":"01200"}
[2023-11-28T16:12:05.862] [INFO] info - get params:{}
[2023-11-28T16:12:05.863] [INFO] info - post params:{"userName":"wusasai123","password":"899","phone":"01200"}
[2023-11-28T16:12:36.198] [INFO] info - get params:{}
[2023-11-28T16:12:36.199] [INFO] info - post params:{"userName":"wusasai123","password":"899","phone":"01200"}
[2023-11-28T16:12:47.709] [INFO] info - get params:{}
[2023-11-28T16:12:47.710] [INFO] info - post params:{"userName":"wusasai123","password":"899","phone":"01200"}
[2023-11-28T16:15:23.114] [INFO] info - get params:{}
[2023-11-28T16:15:23.114] [INFO] info - post params:{"userName":"wusasai123","password":"899","phone":"01200"}
[2023-11-28T16:39:33.051] [INFO] info - get params:{}
[2023-11-28T16:39:33.051] [INFO] info - post params:{"userName":"wusasai123","password":"899","phone":"01200"}
[2023-11-28T16:40:31.842] [INFO] info - get params:{"userName":"wusasai123","password":"899","phone":"01200"}
[2023-11-28T16:40:31.843] [INFO] info - post params:{}
