[2023-11-10T18:57:36.422] [ERROR] error - MongoParseError: Invalid scheme, expected connection string to start with "mongodb://" or "mongodb+srv://"
    at new ConnectionString (/Users/admin/Desktop/hb-cli/node_modules/.pnpm/mongodb-connection-string-url@2.6.0/node_modules/mongodb-connection-string-url/lib/index.js:86:19)
    at parseOptions (/Users/admin/Desktop/hb-cli/node_modules/.pnpm/mongodb@6.2.0/node_modules/mongodb/lib/connection_string.js:185:17)
    at new MongoClient (/Users/admin/Desktop/hb-cli/node_modules/.pnpm/mongodb@6.2.0/node_modules/mongodb/lib/mongo_client.js:51:63)
    at NativeConnection.createClient (/Users/admin/Desktop/hb-cli/node_modules/.pnpm/mongoose@8.0.0/node_modules/mongoose/lib/drivers/node-mongodb-native/connection.js:288:14)
    at NativeConnection.openUri (/Users/admin/Desktop/hb-cli/node_modules/.pnpm/mongoose@8.0.0/node_modules/mongoose/lib/connection.js:755:34)
    at Mongoose.connect (/Users/admin/Desktop/hb-cli/node_modules/.pnpm/mongoose@8.0.0/node_modules/mongoose/lib/mongoose.js:402:15)
    at main (/Users/admin/Desktop/hb-cli/db/index.js:9:18)
    at Object.<anonymous> (/Users/admin/Desktop/hb-cli/db/index.js:11:1)
    at Module._compile (node:internal/modules/cjs/loader:1376:14)
    at Module._extensions..js (node:internal/modules/cjs/loader:1435:10)
[2023-11-10T18:57:36.423] [ERROR] error - 数据库连接失败！！！
[2023-11-10T18:57:41.120] [ERROR] error - MongoParseError: Invalid scheme, expected connection string to start with "mongodb://" or "mongodb+srv://"
    at new ConnectionString (/Users/admin/Desktop/hb-cli/node_modules/.pnpm/mongodb-connection-string-url@2.6.0/node_modules/mongodb-connection-string-url/lib/index.js:86:19)
    at parseOptions (/Users/admin/Desktop/hb-cli/node_modules/.pnpm/mongodb@6.2.0/node_modules/mongodb/lib/connection_string.js:185:17)
    at new MongoClient (/Users/admin/Desktop/hb-cli/node_modules/.pnpm/mongodb@6.2.0/node_modules/mongodb/lib/mongo_client.js:51:63)
    at NativeConnection.createClient (/Users/admin/Desktop/hb-cli/node_modules/.pnpm/mongoose@8.0.0/node_modules/mongoose/lib/drivers/node-mongodb-native/connection.js:288:14)
    at NativeConnection.openUri (/Users/admin/Desktop/hb-cli/node_modules/.pnpm/mongoose@8.0.0/node_modules/mongoose/lib/connection.js:755:34)
    at Mongoose.connect (/Users/admin/Desktop/hb-cli/node_modules/.pnpm/mongoose@8.0.0/node_modules/mongoose/lib/mongoose.js:402:15)
    at main (/Users/admin/Desktop/hb-cli/db/index.js:9:18)
    at Object.<anonymous> (/Users/admin/Desktop/hb-cli/db/index.js:11:1)
    at Module._compile (node:internal/modules/cjs/loader:1376:14)
    at Module._extensions..js (node:internal/modules/cjs/loader:1435:10)
[2023-11-10T18:57:41.121] [ERROR] error - 数据库连接失败！！！
[2023-11-10T18:57:42.836] [ERROR] error - MongoParseError: Invalid scheme, expected connection string to start with "mongodb://" or "mongodb+srv://"
    at new ConnectionString (/Users/admin/Desktop/hb-cli/node_modules/.pnpm/mongodb-connection-string-url@2.6.0/node_modules/mongodb-connection-string-url/lib/index.js:86:19)
    at parseOptions (/Users/admin/Desktop/hb-cli/node_modules/.pnpm/mongodb@6.2.0/node_modules/mongodb/lib/connection_string.js:185:17)
    at new MongoClient (/Users/admin/Desktop/hb-cli/node_modules/.pnpm/mongodb@6.2.0/node_modules/mongodb/lib/mongo_client.js:51:63)
    at NativeConnection.createClient (/Users/admin/Desktop/hb-cli/node_modules/.pnpm/mongoose@8.0.0/node_modules/mongoose/lib/drivers/node-mongodb-native/connection.js:288:14)
    at NativeConnection.openUri (/Users/admin/Desktop/hb-cli/node_modules/.pnpm/mongoose@8.0.0/node_modules/mongoose/lib/connection.js:755:34)
    at Mongoose.connect (/Users/admin/Desktop/hb-cli/node_modules/.pnpm/mongoose@8.0.0/node_modules/mongoose/lib/mongoose.js:402:15)
    at main (/Users/admin/Desktop/hb-cli/db/index.js:9:18)
    at Object.<anonymous> (/Users/admin/Desktop/hb-cli/db/index.js:11:1)
    at Module._compile (node:internal/modules/cjs/loader:1376:14)
    at Module._extensions..js (node:internal/modules/cjs/loader:1435:10)
[2023-11-10T18:57:42.836] [ERROR] error - 数据库连接失败！！！
[2023-11-10T18:57:44.328] [ERROR] error - MongoParseError: Invalid scheme, expected connection string to start with "mongodb://" or "mongodb+srv://"
    at new ConnectionString (/Users/admin/Desktop/hb-cli/node_modules/.pnpm/mongodb-connection-string-url@2.6.0/node_modules/mongodb-connection-string-url/lib/index.js:86:19)
    at parseOptions (/Users/admin/Desktop/hb-cli/node_modules/.pnpm/mongodb@6.2.0/node_modules/mongodb/lib/connection_string.js:185:17)
    at new MongoClient (/Users/admin/Desktop/hb-cli/node_modules/.pnpm/mongodb@6.2.0/node_modules/mongodb/lib/mongo_client.js:51:63)
    at NativeConnection.createClient (/Users/admin/Desktop/hb-cli/node_modules/.pnpm/mongoose@8.0.0/node_modules/mongoose/lib/drivers/node-mongodb-native/connection.js:288:14)
    at NativeConnection.openUri (/Users/admin/Desktop/hb-cli/node_modules/.pnpm/mongoose@8.0.0/node_modules/mongoose/lib/connection.js:755:34)
    at Mongoose.connect (/Users/admin/Desktop/hb-cli/node_modules/.pnpm/mongoose@8.0.0/node_modules/mongoose/lib/mongoose.js:402:15)
    at main (/Users/admin/Desktop/hb-cli/db/index.js:9:18)
    at Object.<anonymous> (/Users/admin/Desktop/hb-cli/db/index.js:11:1)
    at Module._compile (node:internal/modules/cjs/loader:1376:14)
    at Module._extensions..js (node:internal/modules/cjs/loader:1435:10)
[2023-11-10T18:57:44.329] [ERROR] error - 数据库连接失败！！！
[2023-11-10T18:57:50.748] [ERROR] error - MongoParseError: Invalid scheme, expected connection string to start with "mongodb://" or "mongodb+srv://"
    at new ConnectionString (/Users/admin/Desktop/hb-cli/node_modules/.pnpm/mongodb-connection-string-url@2.6.0/node_modules/mongodb-connection-string-url/lib/index.js:86:19)
    at parseOptions (/Users/admin/Desktop/hb-cli/node_modules/.pnpm/mongodb@6.2.0/node_modules/mongodb/lib/connection_string.js:185:17)
    at new MongoClient (/Users/admin/Desktop/hb-cli/node_modules/.pnpm/mongodb@6.2.0/node_modules/mongodb/lib/mongo_client.js:51:63)
    at NativeConnection.createClient (/Users/admin/Desktop/hb-cli/node_modules/.pnpm/mongoose@8.0.0/node_modules/mongoose/lib/drivers/node-mongodb-native/connection.js:288:14)
    at NativeConnection.openUri (/Users/admin/Desktop/hb-cli/node_modules/.pnpm/mongoose@8.0.0/node_modules/mongoose/lib/connection.js:755:34)
    at Mongoose.connect (/Users/admin/Desktop/hb-cli/node_modules/.pnpm/mongoose@8.0.0/node_modules/mongoose/lib/mongoose.js:402:15)
    at main (/Users/admin/Desktop/hb-cli/db/index.js:9:18)
    at Object.<anonymous> (/Users/admin/Desktop/hb-cli/db/index.js:11:1)
    at Module._compile (node:internal/modules/cjs/loader:1376:14)
    at Module._extensions..js (node:internal/modules/cjs/loader:1435:10)
[2023-11-10T18:57:50.749] [ERROR] error - 数据库连接失败！！！
[2023-11-10T18:58:15.061] [ERROR] error - MongoParseError: Invalid scheme, expected connection string to start with "mongodb://" or "mongodb+srv://"
    at new ConnectionString (/Users/admin/Desktop/hb-cli/node_modules/.pnpm/mongodb-connection-string-url@2.6.0/node_modules/mongodb-connection-string-url/lib/index.js:86:19)
    at parseOptions (/Users/admin/Desktop/hb-cli/node_modules/.pnpm/mongodb@6.2.0/node_modules/mongodb/lib/connection_string.js:185:17)
    at new MongoClient (/Users/admin/Desktop/hb-cli/node_modules/.pnpm/mongodb@6.2.0/node_modules/mongodb/lib/mongo_client.js:51:63)
    at NativeConnection.createClient (/Users/admin/Desktop/hb-cli/node_modules/.pnpm/mongoose@8.0.0/node_modules/mongoose/lib/drivers/node-mongodb-native/connection.js:288:14)
    at NativeConnection.openUri (/Users/admin/Desktop/hb-cli/node_modules/.pnpm/mongoose@8.0.0/node_modules/mongoose/lib/connection.js:755:34)
    at Mongoose.connect (/Users/admin/Desktop/hb-cli/node_modules/.pnpm/mongoose@8.0.0/node_modules/mongoose/lib/mongoose.js:402:15)
    at main (/Users/admin/Desktop/hb-cli/db/index.js:9:18)
    at Object.<anonymous> (/Users/admin/Desktop/hb-cli/db/index.js:11:1)
    at Module._compile (node:internal/modules/cjs/loader:1376:14)
    at Module._extensions..js (node:internal/modules/cjs/loader:1435:10)
[2023-11-10T18:58:15.062] [ERROR] error - 数据库连接失败！！！
[2023-11-10T18:58:16.470] [ERROR] error - MongoParseError: Invalid scheme, expected connection string to start with "mongodb://" or "mongodb+srv://"
    at new ConnectionString (/Users/admin/Desktop/hb-cli/node_modules/.pnpm/mongodb-connection-string-url@2.6.0/node_modules/mongodb-connection-string-url/lib/index.js:86:19)
    at parseOptions (/Users/admin/Desktop/hb-cli/node_modules/.pnpm/mongodb@6.2.0/node_modules/mongodb/lib/connection_string.js:185:17)
    at new MongoClient (/Users/admin/Desktop/hb-cli/node_modules/.pnpm/mongodb@6.2.0/node_modules/mongodb/lib/mongo_client.js:51:63)
    at NativeConnection.createClient (/Users/admin/Desktop/hb-cli/node_modules/.pnpm/mongoose@8.0.0/node_modules/mongoose/lib/drivers/node-mongodb-native/connection.js:288:14)
    at NativeConnection.openUri (/Users/admin/Desktop/hb-cli/node_modules/.pnpm/mongoose@8.0.0/node_modules/mongoose/lib/connection.js:755:34)
    at Mongoose.connect (/Users/admin/Desktop/hb-cli/node_modules/.pnpm/mongoose@8.0.0/node_modules/mongoose/lib/mongoose.js:402:15)
    at main (/Users/admin/Desktop/hb-cli/db/index.js:9:18)
    at Object.<anonymous> (/Users/admin/Desktop/hb-cli/db/index.js:11:1)
    at Module._compile (node:internal/modules/cjs/loader:1376:14)
    at Module._extensions..js (node:internal/modules/cjs/loader:1435:10)
[2023-11-10T18:58:16.471] [ERROR] error - 数据库连接失败！！！
