[2023-11-24T16:19:24.010] [ERROR] error - MongooseServerSelectionError: connect ECONNREFUSED 127.0.0.1:27017
    at _handleConnectionErrors (/Users/admin/Desktop/hb-cli/node_modules/.pnpm/mongoose@8.0.0/node_modules/mongoose/lib/connection.js:805:11)
    at NativeConnection.openUri (/Users/admin/Desktop/hb-cli/node_modules/.pnpm/mongoose@8.0.0/node_modules/mongoose/lib/connection.js:780:11)
    at async main (/Users/admin/Desktop/hb-cli/db/index.js:9:3) {
  reason: TopologyDescription {
    type: 'Unknown',
    servers: Map(1) { '127.0.0.1:27017' => [ServerDescription] },
    stale: false,
    compatible: true,
    heartbeatFrequencyMS: 10000,
    localThresholdMS: 15,
    setName: null,
    maxElectionId: null,
    maxSetVersion: null,
    commonWireVersion: 0,
    logicalSessionTimeoutMinutes: null
  },
  code: undefined
}
[2023-11-24T16:19:24.012] [ERROR] error - 数据库连接失败！！！
[2023-11-24T16:20:04.527] [ERROR] error - MongooseServerSelectionError: connect ECONNREFUSED 127.0.0.1:27017
    at _handleConnectionErrors (/Users/admin/Desktop/hb-cli/node_modules/.pnpm/mongoose@8.0.0/node_modules/mongoose/lib/connection.js:805:11)
    at NativeConnection.openUri (/Users/admin/Desktop/hb-cli/node_modules/.pnpm/mongoose@8.0.0/node_modules/mongoose/lib/connection.js:780:11)
    at async main (/Users/admin/Desktop/hb-cli/db/index.js:9:3) {
  reason: TopologyDescription {
    type: 'Unknown',
    servers: Map(1) { '127.0.0.1:27017' => [ServerDescription] },
    stale: false,
    compatible: true,
    heartbeatFrequencyMS: 10000,
    localThresholdMS: 15,
    setName: null,
    maxElectionId: null,
    maxSetVersion: null,
    commonWireVersion: 0,
    logicalSessionTimeoutMinutes: null
  },
  code: undefined
}
[2023-11-24T16:20:04.530] [ERROR] error - 数据库连接失败！！！
